<?xml version="1.0" encoding="UTF-8"?>
<coverage generated="1694033958976" clover="3.2.0">
  <project timestamp="1694033958976" name="All files">
    <metrics statements="120" coveredstatements="71" conditionals="31" coveredconditionals="18" methods="45" coveredmethods="24" elements="196" coveredelements="113" complexity="0" loc="120" ncloc="120" packages="8" files="18" classes="18"/>
    <package name="assets">
      <metrics statements="1" coveredstatements="1" conditionals="0" coveredconditionals="0" methods="0" coveredmethods="0"/>
      <file name="logo.png" path="C:\Users\Kayfun\Documents\Works\EIP\Front-Mobile-React-Native\assets\logo.png">
        <metrics statements="1" coveredstatements="1" conditionals="0" coveredconditionals="0" methods="0" coveredmethods="0"/>
        <line num="1" count="2" type="stmt"/>
      </file>
    </package>
    <package name="assets.images">
      <metrics statements="4" coveredstatements="4" conditionals="0" coveredconditionals="0" methods="0" coveredmethods="0"/>
      <file name="facebook-logo.png" path="C:\Users\Kayfun\Documents\Works\EIP\Front-Mobile-React-Native\assets\images\facebook-logo.png">
        <metrics statements="1" coveredstatements="1" conditionals="0" coveredconditionals="0" methods="0" coveredmethods="0"/>
        <line num="1" count="1" type="stmt"/>
      </file>
      <file name="google-logo.png" path="C:\Users\Kayfun\Documents\Works\EIP\Front-Mobile-React-Native\assets\images\google-logo.png">
        <metrics statements="1" coveredstatements="1" conditionals="0" coveredconditionals="0" methods="0" coveredmethods="0"/>
        <line num="1" count="1" type="stmt"/>
      </file>
      <file name="hide_password.png" path="C:\Users\Kayfun\Documents\Works\EIP\Front-Mobile-React-Native\assets\images\hide_password.png">
        <metrics statements="1" coveredstatements="1" conditionals="0" coveredconditionals="0" methods="0" coveredmethods="0"/>
        <line num="1" count="2" type="stmt"/>
      </file>
      <file name="show_password.png" path="C:\Users\Kayfun\Documents\Works\EIP\Front-Mobile-React-Native\assets\images\show_password.png">
        <metrics statements="1" coveredstatements="1" conditionals="0" coveredconditionals="0" methods="0" coveredmethods="0"/>
        <line num="1" count="1" type="stmt"/>
      </file>
    </package>
    <package name="src.components">
      <metrics statements="8" coveredstatements="8" conditionals="2" coveredconditionals="2" methods="4" coveredmethods="4"/>
      <file name="ClickTextButtonWithDescription.tsx" path="C:\Users\Kayfun\Documents\Works\EIP\Front-Mobile-React-Native\src\components\ClickTextButtonWithDescription.tsx">
        <metrics statements="2" coveredstatements="2" conditionals="0" coveredconditionals="0" methods="1" coveredmethods="1"/>
        <line num="14" count="2" type="stmt"/>
        <line num="15" count="47" type="stmt"/>
      </file>
      <file name="HidePasswordButton.tsx" path="C:\Users\Kayfun\Documents\Works\EIP\Front-Mobile-React-Native\src\components\HidePasswordButton.tsx">
        <metrics statements="2" coveredstatements="2" conditionals="2" coveredconditionals="2" methods="1" coveredmethods="1"/>
        <line num="12" count="2" type="stmt"/>
        <line num="13" count="81" type="stmt"/>
      </file>
      <file name="LongHorizontalButton.tsx" path="C:\Users\Kayfun\Documents\Works\EIP\Front-Mobile-React-Native\src\components\LongHorizontalButton.tsx">
        <metrics statements="2" coveredstatements="2" conditionals="0" coveredconditionals="0" methods="1" coveredmethods="1"/>
        <line num="12" count="2" type="stmt"/>
        <line num="13" count="60" type="stmt"/>
      </file>
      <file name="OAuthButton.tsx" path="C:\Users\Kayfun\Documents\Works\EIP\Front-Mobile-React-Native\src\components\OAuthButton.tsx">
        <metrics statements="2" coveredstatements="2" conditionals="0" coveredconditionals="0" methods="1" coveredmethods="1"/>
        <line num="14" count="2" type="stmt"/>
        <line num="15" count="68" type="stmt"/>
      </file>
    </package>
    <package name="src.i18n">
      <metrics statements="4" coveredstatements="4" conditionals="0" coveredconditionals="0" methods="0" coveredmethods="0"/>
      <file name="Languages.js" path="C:\Users\Kayfun\Documents\Works\EIP\Front-Mobile-React-Native\src\i18n\Languages.js">
        <metrics statements="1" coveredstatements="1" conditionals="0" coveredconditionals="0" methods="0" coveredmethods="0"/>
        <line num="1" count="2" type="stmt"/>
      </file>
      <file name="i18n.js" path="C:\Users\Kayfun\Documents\Works\EIP\Front-Mobile-React-Native\src\i18n\i18n.js">
        <metrics statements="3" coveredstatements="3" conditionals="0" coveredconditionals="0" methods="0" coveredmethods="0"/>
        <line num="9" count="2" type="stmt"/>
        <line num="11" count="2" type="stmt"/>
        <line num="20" count="2" type="stmt"/>
      </file>
    </package>
    <package name="src.pages">
      <metrics statements="68" coveredstatements="40" conditionals="27" coveredconditionals="16" methods="31" coveredmethods="18"/>
      <file name="Login.tsx" path="C:\Users\Kayfun\Documents\Works\EIP\Front-Mobile-React-Native\src\pages\Login.tsx">
        <metrics statements="36" coveredstatements="8" conditionals="12" coveredconditionals="1" methods="14" coveredmethods="1"/>
        <line num="19" count="13" type="stmt"/>
        <line num="21" count="13" type="stmt"/>
        <line num="22" count="13" type="stmt"/>
        <line num="23" count="13" type="stmt"/>
        <line num="24" count="13" type="stmt"/>
        <line num="25" count="13" type="stmt"/>
        <line num="28" count="0" type="stmt"/>
        <line num="32" count="0" type="stmt"/>
        <line num="36" count="0" type="stmt"/>
        <line num="40" count="0" type="stmt"/>
        <line num="44" count="0" type="stmt"/>
        <line num="48" count="0" type="stmt"/>
        <line num="49" count="0" type="stmt"/>
        <line num="56" count="0" type="stmt"/>
        <line num="57" count="0" type="stmt"/>
        <line num="58" count="0" type="cond" truecount="0" falsecount="2"/>
        <line num="59" count="0" type="stmt"/>
        <line num="62" count="0" type="stmt"/>
        <line num="67" count="0" type="stmt"/>
        <line num="68" count="0" type="stmt"/>
        <line num="69" count="0" type="stmt"/>
        <line num="71" count="0" type="stmt"/>
        <line num="76" count="0" type="cond" truecount="0" falsecount="4"/>
        <line num="77" count="0" type="stmt"/>
        <line num="82" count="0" type="cond" truecount="0" falsecount="2"/>
        <line num="83" count="0" type="stmt"/>
        <line num="85" count="0" type="stmt"/>
        <line num="95" count="0" type="stmt"/>
        <line num="96" count="0" type="stmt"/>
        <line num="106" count="0" type="stmt"/>
        <line num="116" count="13" type="stmt"/>
        <line num="117" count="0" type="stmt"/>
        <line num="118" count="0" type="cond" truecount="0" falsecount="2"/>
        <line num="119" count="0" type="stmt"/>
        <line num="123" count="13" type="stmt"/>
        <line num="154" count="0" type="stmt"/>
      </file>
      <file name="Register.tsx" path="C:\Users\Kayfun\Documents\Works\EIP\Front-Mobile-React-Native\src\pages\Register.tsx">
        <metrics statements="32" coveredstatements="32" conditionals="15" coveredconditionals="15" methods="17" coveredmethods="17"/>
        <line num="16" count="34" type="stmt"/>
        <line num="18" count="34" type="stmt"/>
        <line num="19" count="34" type="stmt"/>
        <line num="20" count="34" type="stmt"/>
        <line num="21" count="34" type="stmt"/>
        <line num="22" count="34" type="stmt"/>
        <line num="23" count="34" type="stmt"/>
        <line num="26" count="1" type="stmt"/>
        <line num="30" count="1" type="stmt"/>
        <line num="34" count="1" type="stmt"/>
        <line num="35" count="1" type="stmt"/>
        <line num="42" count="5" type="stmt"/>
        <line num="46" count="5" type="stmt"/>
        <line num="50" count="5" type="stmt"/>
        <line num="54" count="5" type="stmt"/>
        <line num="58" count="1" type="stmt"/>
        <line num="59" count="1" type="stmt"/>
        <line num="64" count="1" type="stmt"/>
        <line num="65" count="1" type="stmt"/>
        <line num="70" count="5" type="cond" truecount="7" falsecount="0"/>
        <line num="71" count="4" type="stmt"/>
        <line num="77" count="2" type="cond" truecount="2" falsecount="0"/>
        <line num="78" count="1" type="stmt"/>
        <line num="79" count="1" type="stmt"/>
        <line num="82" count="1" type="stmt"/>
        <line num="92" count="2" type="cond" truecount="2" falsecount="0"/>
        <line num="93" count="1" type="stmt"/>
        <line num="102" count="1" type="stmt"/>
        <line num="113" count="1" type="stmt"/>
        <line num="123" count="34" type="stmt"/>
        <line num="161" count="1" type="stmt"/>
        <line num="176" count="1" type="stmt"/>
      </file>
    </package>
    <package name="src.services">
      <metrics statements="32" coveredstatements="11" conditionals="2" coveredconditionals="0" methods="10" coveredmethods="2"/>
      <file name="Facebook.tsx" path="C:\Users\Kayfun\Documents\Works\EIP\Front-Mobile-React-Native\src\services\Facebook.tsx">
        <metrics statements="19" coveredstatements="6" conditionals="2" coveredconditionals="0" methods="5" coveredmethods="1"/>
        <line num="14" count="1" type="stmt"/>
        <line num="17" count="14" type="stmt"/>
        <line num="19" count="14" type="stmt"/>
        <line num="20" count="13" type="stmt"/>
        <line num="21" count="13" type="stmt"/>
        <line num="23" count="13" type="stmt"/>
        <line num="33" count="0" type="stmt"/>
        <line num="34" count="0" type="stmt"/>
        <line num="35" count="0" type="stmt"/>
        <line num="36" count="0" type="stmt"/>
        <line num="37" count="0" type="stmt"/>
        <line num="39" count="0" type="stmt"/>
        <line num="47" count="0" type="stmt"/>
        <line num="48" count="0" type="stmt"/>
        <line num="50" count="0" type="cond" truecount="0" falsecount="2"/>
        <line num="51" count="0" type="stmt"/>
        <line num="52" count="0" type="stmt"/>
        <line num="56" count="0" type="stmt"/>
        <line num="59" count="0" type="stmt"/>
      </file>
      <file name="Google.tsx" path="C:\Users\Kayfun\Documents\Works\EIP\Front-Mobile-React-Native\src\services\Google.tsx">
        <metrics statements="13" coveredstatements="5" conditionals="0" coveredconditionals="0" methods="5" coveredmethods="1"/>
        <line num="14" count="1" type="stmt"/>
        <line num="17" count="14" type="stmt"/>
        <line num="19" count="14" type="stmt"/>
        <line num="20" count="13" type="stmt"/>
        <line num="22" count="13" type="stmt"/>
        <line num="32" count="0" type="stmt"/>
        <line num="33" count="0" type="stmt"/>
        <line num="34" count="0" type="stmt"/>
        <line num="35" count="0" type="stmt"/>
        <line num="37" count="0" type="stmt"/>
        <line num="45" count="0" type="stmt"/>
        <line num="48" count="0" type="stmt"/>
        <line num="51" count="0" type="stmt"/>
      </file>
    </package>
    <package name="styles.components">
      <metrics statements="1" coveredstatements="1" conditionals="0" coveredconditionals="0" methods="0" coveredmethods="0"/>
      <file name="hide_password_button.js" path="C:\Users\Kayfun\Documents\Works\EIP\Front-Mobile-React-Native\styles\components\hide_password_button.js">
        <metrics statements="1" coveredstatements="1" conditionals="0" coveredconditionals="0" methods="0" coveredmethods="0"/>
        <line num="3" count="2" type="stmt"/>
      </file>
    </package>
    <package name="styles.pages">
      <metrics statements="2" coveredstatements="2" conditionals="0" coveredconditionals="0" methods="0" coveredmethods="0"/>
      <file name="login.js" path="C:\Users\Kayfun\Documents\Works\EIP\Front-Mobile-React-Native\styles\pages\login.js">
        <metrics statements="1" coveredstatements="1" conditionals="0" coveredconditionals="0" methods="0" coveredmethods="0"/>
        <line num="3" count="1" type="stmt"/>
      </file>
      <file name="register.js" path="C:\Users\Kayfun\Documents\Works\EIP\Front-Mobile-React-Native\styles\pages\register.js">
        <metrics statements="1" coveredstatements="1" conditionals="0" coveredconditionals="0" methods="0" coveredmethods="0"/>
        <line num="3" count="1" type="stmt"/>
      </file>
    </package>
  </project>
</coverage>
