{"C:\\Users\\Kayfun\\Documents\\Works\\EIP\\Front-Mobile-React-Native\\assets\\logo.png": {"path":"C:\\Users\\Kayfun\\Documents\\Works\\EIP\\Front-Mobile-React-Native\\assets\\logo.png","statementMap":{"0":{"start":{"line":1,"column":0},"end":{"line":1,"column":19}}},"fnMap":{},"branchMap":{},"s":{"0":2},"f":{},"b":{},"_coverageSchema":"1a1c01bbd47fc00a2c39e90264f33305004495a9","hash":"1494d019956c08a364b5138d77d458eb26c4ec2d"}
,"C:\\Users\\Kayfun\\Documents\\Works\\EIP\\Front-Mobile-React-Native\\assets\\images\\facebook-logo.png": {"path":"C:\\Users\\Kayfun\\Documents\\Works\\EIP\\Front-Mobile-React-Native\\assets\\images\\facebook-logo.png","statementMap":{"0":{"start":{"line":1,"column":0},"end":{"line":1,"column":19}}},"fnMap":{},"branchMap":{},"s":{"0":1},"f":{},"b":{},"_coverageSchema":"1a1c01bbd47fc00a2c39e90264f33305004495a9","hash":"27c5b316d5c0500ce8d3a1b901774d94a1f25796"}
,"C:\\Users\\Kayfun\\Documents\\Works\\EIP\\Front-Mobile-React-Native\\assets\\images\\google-logo.png": {"path":"C:\\Users\\Kayfun\\Documents\\Works\\EIP\\Front-Mobile-React-Native\\assets\\images\\google-logo.png","statementMap":{"0":{"start":{"line":1,"column":0},"end":{"line":1,"column":19}}},"fnMap":{},"branchMap":{},"s":{"0":1},"f":{},"b":{},"_coverageSchema":"1a1c01bbd47fc00a2c39e90264f33305004495a9","hash":"f3dd8dee3ab27d9b292c521fc25b9ef79a4f0727"}
,"C:\\Users\\Kayfun\\Documents\\Works\\EIP\\Front-Mobile-React-Native\\assets\\images\\hide_password.png": {"path":"C:\\Users\\Kayfun\\Documents\\Works\\EIP\\Front-Mobile-React-Native\\assets\\images\\hide_password.png","statementMap":{"0":{"start":{"line":1,"column":0},"end":{"line":1,"column":19}}},"fnMap":{},"branchMap":{},"s":{"0":2},"f":{},"b":{},"_coverageSchema":"1a1c01bbd47fc00a2c39e90264f33305004495a9","hash":"e10a8d6ff66848f90899cf67325fccc42c958773"}
,"C:\\Users\\Kayfun\\Documents\\Works\\EIP\\Front-Mobile-React-Native\\assets\\images\\show_password.png": {"path":"C:\\Users\\Kayfun\\Documents\\Works\\EIP\\Front-Mobile-React-Native\\assets\\images\\show_password.png","statementMap":{"0":{"start":{"line":1,"column":0},"end":{"line":1,"column":19}}},"fnMap":{},"branchMap":{},"s":{"0":1},"f":{},"b":{},"_coverageSchema":"1a1c01bbd47fc00a2c39e90264f33305004495a9","hash":"27b8ee4138f301d0edc4f6896977f155a1eea39e"}
,"C:\\Users\\Kayfun\\Documents\\Works\\EIP\\Front-Mobile-React-Native\\src\\components\\ClickTextButtonWithDescription.tsx": {"path":"C:\\Users\\Kayfun\\Documents\\Works\\EIP\\Front-Mobile-React-Native\\src\\components\\ClickTextButtonWithDescription.tsx","statementMap":{"0":{"start":{"line":14,"column":56},"end":{"line":25,"column":1}},"1":{"start":{"line":15,"column":4},"end":{"line":24,"column":6}}},"fnMap":{"0":{"name":"(anonymous_0)","decl":{"start":{"line":14,"column":56},"end":{"line":14,"column":57}},"loc":{"start":{"line":14,"column":152},"end":{"line":25,"column":1}},"line":14}},"branchMap":{},"s":{"0":2,"1":47},"f":{"0":47},"b":{},"_coverageSchema":"1a1c01bbd47fc00a2c39e90264f33305004495a9","hash":"a97a14984af0938f6d8d1cfe8cfb70146faa7e9b"}
,"C:\\Users\\Kayfun\\Documents\\Works\\EIP\\Front-Mobile-React-Native\\src\\components\\HidePasswordButton.tsx": {"path":"C:\\Users\\Kayfun\\Documents\\Works\\EIP\\Front-Mobile-React-Native\\src\\components\\HidePasswordButton.tsx","statementMap":{"0":{"start":{"line":12,"column":44},"end":{"line":22,"column":1}},"1":{"start":{"line":13,"column":4},"end":{"line":21,"column":6}}},"fnMap":{"0":{"name":"(anonymous_0)","decl":{"start":{"line":12,"column":44},"end":{"line":12,"column":45}},"loc":{"start":{"line":12,"column":75},"end":{"line":22,"column":1}},"line":12}},"branchMap":{"0":{"loc":{"start":{"line":19,"column":27},"end":{"line":19,"column":153}},"type":"cond-expr","locations":[{"start":{"line":19,"column":54},"end":{"line":19,"column":102}},{"start":{"line":19,"column":105},"end":{"line":19,"column":153}}],"line":19}},"s":{"0":2,"1":81},"f":{"0":81},"b":{"0":[2,79]},"_coverageSchema":"1a1c01bbd47fc00a2c39e90264f33305004495a9","hash":"76deb6d27ec3d797432326663b2434d9f09f95b9"}
,"C:\\Users\\Kayfun\\Documents\\Works\\EIP\\Front-Mobile-React-Native\\src\\components\\LongHorizontalButton.tsx": {"path":"C:\\Users\\Kayfun\\Documents\\Works\\EIP\\Front-Mobile-React-Native\\src\\components\\LongHorizontalButton.tsx","statementMap":{"0":{"start":{"line":12,"column":46},"end":{"line":22,"column":1}},"1":{"start":{"line":13,"column":4},"end":{"line":21,"column":6}}},"fnMap":{"0":{"name":"(anonymous_0)","decl":{"start":{"line":12,"column":46},"end":{"line":12,"column":47}},"loc":{"start":{"line":12,"column":102},"end":{"line":22,"column":1}},"line":12}},"branchMap":{},"s":{"0":2,"1":60},"f":{"0":60},"b":{},"_coverageSchema":"1a1c01bbd47fc00a2c39e90264f33305004495a9","hash":"20438f7b6b9f0431af43153bceea076cc343ce49"}
,"C:\\Users\\Kayfun\\Documents\\Works\\EIP\\Front-Mobile-React-Native\\src\\components\\OAuthButton.tsx": {"path":"C:\\Users\\Kayfun\\Documents\\Works\\EIP\\Front-Mobile-React-Native\\src\\components\\OAuthButton.tsx","statementMap":{"0":{"start":{"line":14,"column":37},"end":{"line":25,"column":1}},"1":{"start":{"line":15,"column":4},"end":{"line":24,"column":6}}},"fnMap":{"0":{"name":"(anonymous_0)","decl":{"start":{"line":14,"column":37},"end":{"line":14,"column":38}},"loc":{"start":{"line":14,"column":113},"end":{"line":25,"column":1}},"line":14}},"branchMap":{},"s":{"0":2,"1":68},"f":{"0":68},"b":{},"_coverageSchema":"1a1c01bbd47fc00a2c39e90264f33305004495a9","hash":"2fb345a8003745ac5c2afc596e7e6d6f9d3cc749"}
,"C:\\Users\\Kayfun\\Documents\\Works\\EIP\\Front-Mobile-React-Native\\src\\i18n\\Languages.js": {"path":"C:\\Users\\Kayfun\\Documents\\Works\\EIP\\Front-Mobile-React-Native\\src\\i18n\\Languages.js","statementMap":{"0":{"start":{"line":1,"column":17},"end":{"line":4,"column":1}}},"fnMap":{},"branchMap":{},"s":{"0":2},"f":{},"b":{},"_coverageSchema":"1a1c01bbd47fc00a2c39e90264f33305004495a9","hash":"9abe9d4579de679792dedeaf218134115eda088f"}
,"C:\\Users\\Kayfun\\Documents\\Works\\EIP\\Front-Mobile-React-Native\\src\\i18n\\i18n.js": {"path":"C:\\Users\\Kayfun\\Documents\\Works\\EIP\\Front-Mobile-React-Native\\src\\i18n\\i18n.js","statementMap":{"0":{"start":{"line":9,"column":22},"end":{"line":9,"column":33}},"1":{"start":{"line":11,"column":18},"end":{"line":18,"column":1}},"2":{"start":{"line":20,"column":0},"end":{"line":30,"column":2}}},"fnMap":{},"branchMap":{},"s":{"0":2,"1":2,"2":2},"f":{},"b":{},"_coverageSchema":"1a1c01bbd47fc00a2c39e90264f33305004495a9","hash":"89bbc1a22512d6fa34dde9af6b4964ddce602e2f"}
,"C:\\Users\\Kayfun\\Documents\\Works\\EIP\\Front-Mobile-React-Native\\src\\pages\\Login.tsx": {"path":"C:\\Users\\Kayfun\\Documents\\Works\\EIP\\Front-Mobile-React-Native\\src\\pages\\Login.tsx","statementMap":{"0":{"start":{"line":19,"column":24},"end":{"line":19,"column":40}},"1":{"start":{"line":21,"column":30},"end":{"line":21,"column":42}},"2":{"start":{"line":22,"column":36},"end":{"line":22,"column":48}},"3":{"start":{"line":23,"column":44},"end":{"line":23,"column":58}},"4":{"start":{"line":24,"column":30},"end":{"line":24,"column":42}},"5":{"start":{"line":25,"column":28},"end":{"line":25,"column":48}},"6":{"start":{"line":28,"column":8},"end":{"line":28,"column":38}},"7":{"start":{"line":32,"column":8},"end":{"line":32,"column":40}},"8":{"start":{"line":36,"column":8},"end":{"line":36,"column":46}},"9":{"start":{"line":40,"column":8},"end":{"line":40,"column":23}},"10":{"start":{"line":44,"column":8},"end":{"line":44,"column":26}},"11":{"start":{"line":48,"column":8},"end":{"line":48,"column":36}},"12":{"start":{"line":49,"column":8},"end":{"line":52,"column":11}},"13":{"start":{"line":56,"column":8},"end":{"line":63,"column":9}},"14":{"start":{"line":57,"column":29},"end":{"line":57,"column":69}},"15":{"start":{"line":58,"column":12},"end":{"line":60,"column":13}},"16":{"start":{"line":59,"column":16},"end":{"line":59,"column":37}},"17":{"start":{"line":62,"column":12},"end":{"line":62,"column":31}},"18":{"start":{"line":67,"column":8},"end":{"line":72,"column":9}},"19":{"start":{"line":68,"column":12},"end":{"line":68,"column":60}},"20":{"start":{"line":69,"column":12},"end":{"line":69,"column":38}},"21":{"start":{"line":71,"column":12},"end":{"line":71,"column":31}},"22":{"start":{"line":76,"column":8},"end":{"line":113,"column":9}},"23":{"start":{"line":77,"column":12},"end":{"line":103,"column":15}},"24":{"start":{"line":82,"column":16},"end":{"line":92,"column":17}},"25":{"start":{"line":83,"column":20},"end":{"line":83,"column":56}},"26":{"start":{"line":85,"column":20},"end":{"line":91,"column":22}},"27":{"start":{"line":95,"column":16},"end":{"line":95,"column":35}},"28":{"start":{"line":96,"column":16},"end":{"line":102,"column":18}},"29":{"start":{"line":106,"column":12},"end":{"line":112,"column":14}},"30":{"start":{"line":116,"column":4},"end":{"line":121,"column":7}},"31":{"start":{"line":117,"column":8},"end":{"line":117,"column":19}},"32":{"start":{"line":118,"column":8},"end":{"line":120,"column":9}},"33":{"start":{"line":119,"column":12},"end":{"line":119,"column":38}},"34":{"start":{"line":123,"column":4},"end":{"line":204,"column":6}},"35":{"start":{"line":154,"column":47},"end":{"line":154,"column":77}}},"fnMap":{"0":{"name":"Login","decl":{"start":{"line":18,"column":9},"end":{"line":18,"column":14}},"loc":{"start":{"line":18,"column":52},"end":{"line":205,"column":1}},"line":18},"1":{"name":"changeLanguage","decl":{"start":{"line":27,"column":13},"end":{"line":27,"column":27}},"loc":{"start":{"line":27,"column":58},"end":{"line":29,"column":5}},"line":27},"2":{"name":"redirectToRegister","decl":{"start":{"line":31,"column":13},"end":{"line":31,"column":31}},"loc":{"start":{"line":31,"column":34},"end":{"line":33,"column":5}},"line":31},"3":{"name":"redirectToForgotPassword","decl":{"start":{"line":35,"column":13},"end":{"line":35,"column":37}},"loc":{"start":{"line":35,"column":40},"end":{"line":37,"column":5}},"line":35},"4":{"name":"handleEmailChange","decl":{"start":{"line":39,"column":13},"end":{"line":39,"column":30}},"loc":{"start":{"line":39,"column":67},"end":{"line":41,"column":5}},"line":39},"5":{"name":"handlePasswordChange","decl":{"start":{"line":43,"column":13},"end":{"line":43,"column":33}},"loc":{"start":{"line":43,"column":70},"end":{"line":45,"column":5}},"line":43},"6":{"name":"redirectToConnectedPage","decl":{"start":{"line":47,"column":13},"end":{"line":47,"column":36}},"loc":{"start":{"line":47,"column":39},"end":{"line":53,"column":5}},"line":47},"7":{"name":"getToken","decl":{"start":{"line":55,"column":19},"end":{"line":55,"column":27}},"loc":{"start":{"line":55,"column":30},"end":{"line":64,"column":5}},"line":55},"8":{"name":"storeToken","decl":{"start":{"line":66,"column":19},"end":{"line":66,"column":29}},"loc":{"start":{"line":66,"column":45},"end":{"line":73,"column":5}},"line":66},"9":{"name":"handleSubmit","decl":{"start":{"line":75,"column":19},"end":{"line":75,"column":31}},"loc":{"start":{"line":75,"column":34},"end":{"line":114,"column":5}},"line":75},"10":{"name":"(anonymous_10)","decl":{"start":{"line":81,"column":19},"end":{"line":81,"column":20}},"loc":{"start":{"line":81,"column":45},"end":{"line":93,"column":13}},"line":81},"11":{"name":"(anonymous_11)","decl":{"start":{"line":94,"column":20},"end":{"line":94,"column":21}},"loc":{"start":{"line":94,"column":37},"end":{"line":103,"column":13}},"line":94},"12":{"name":"(anonymous_12)","decl":{"start":{"line":116,"column":14},"end":{"line":116,"column":15}},"loc":{"start":{"line":116,"column":20},"end":{"line":121,"column":5}},"line":116},"13":{"name":"(anonymous_13)","decl":{"start":{"line":154,"column":41},"end":{"line":154,"column":42}},"loc":{"start":{"line":154,"column":47},"end":{"line":154,"column":77}},"line":154}},"branchMap":{"0":{"loc":{"start":{"line":58,"column":12},"end":{"line":60,"column":13}},"type":"if","locations":[{"start":{"line":58,"column":12},"end":{"line":60,"column":13}},{"start":{},"end":{}}],"line":58},"1":{"loc":{"start":{"line":76,"column":8},"end":{"line":113,"column":9}},"type":"if","locations":[{"start":{"line":76,"column":8},"end":{"line":113,"column":9}},{"start":{"line":105,"column":15},"end":{"line":113,"column":9}}],"line":76},"2":{"loc":{"start":{"line":76,"column":12},"end":{"line":76,"column":29}},"type":"binary-expr","locations":[{"start":{"line":76,"column":12},"end":{"line":76,"column":17}},{"start":{"line":76,"column":21},"end":{"line":76,"column":29}}],"line":76},"3":{"loc":{"start":{"line":82,"column":16},"end":{"line":92,"column":17}},"type":"if","locations":[{"start":{"line":82,"column":16},"end":{"line":92,"column":17}},{"start":{"line":84,"column":23},"end":{"line":92,"column":17}}],"line":82},"4":{"loc":{"start":{"line":118,"column":8},"end":{"line":120,"column":9}},"type":"if","locations":[{"start":{"line":118,"column":8},"end":{"line":120,"column":9}},{"start":{},"end":{}}],"line":118},"5":{"loc":{"start":{"line":153,"column":38},"end":{"line":153,"column":86}},"type":"cond-expr","locations":[{"start":{"line":153,"column":53},"end":{"line":153,"column":68}},{"start":{"line":153,"column":71},"end":{"line":153,"column":86}}],"line":153}},"s":{"0":13,"1":13,"2":13,"3":13,"4":13,"5":13,"6":0,"7":0,"8":0,"9":0,"10":0,"11":0,"12":0,"13":0,"14":0,"15":0,"16":0,"17":0,"18":0,"19":0,"20":0,"21":0,"22":0,"23":0,"24":0,"25":0,"26":0,"27":0,"28":0,"29":0,"30":13,"31":0,"32":0,"33":0,"34":13,"35":0},"f":{"0":13,"1":0,"2":0,"3":0,"4":0,"5":0,"6":0,"7":0,"8":0,"9":0,"10":0,"11":0,"12":0,"13":0},"b":{"0":[0,0],"1":[0,0],"2":[0,0],"3":[0,0],"4":[0,0],"5":[13,0]},"_coverageSchema":"1a1c01bbd47fc00a2c39e90264f33305004495a9","hash":"7faac856b124bcc9e20b637505e5d65ac1df8d8f"}
,"C:\\Users\\Kayfun\\Documents\\Works\\EIP\\Front-Mobile-React-Native\\src\\pages\\Register.tsx": {"path":"C:\\Users\\Kayfun\\Documents\\Works\\EIP\\Front-Mobile-React-Native\\src\\pages\\Register.tsx","statementMap":{"0":{"start":{"line":16,"column":24},"end":{"line":16,"column":40}},"1":{"start":{"line":18,"column":36},"end":{"line":18,"column":48}},"2":{"start":{"line":19,"column":30},"end":{"line":19,"column":42}},"3":{"start":{"line":20,"column":36},"end":{"line":20,"column":48}},"4":{"start":{"line":21,"column":50},"end":{"line":21,"column":62}},"5":{"start":{"line":22,"column":44},"end":{"line":22,"column":58}},"6":{"start":{"line":23,"column":58},"end":{"line":23,"column":72}},"7":{"start":{"line":26,"column":8},"end":{"line":26,"column":38}},"8":{"start":{"line":30,"column":8},"end":{"line":30,"column":37}},"9":{"start":{"line":34,"column":8},"end":{"line":34,"column":36}},"10":{"start":{"line":35,"column":8},"end":{"line":38,"column":11}},"11":{"start":{"line":42,"column":8},"end":{"line":42,"column":26}},"12":{"start":{"line":46,"column":8},"end":{"line":46,"column":23}},"13":{"start":{"line":50,"column":8},"end":{"line":50,"column":26}},"14":{"start":{"line":54,"column":8},"end":{"line":54,"column":33}},"15":{"start":{"line":58,"column":8},"end":{"line":60,"column":10}},"16":{"start":{"line":59,"column":12},"end":{"line":59,"column":34}},"17":{"start":{"line":64,"column":8},"end":{"line":66,"column":10}},"18":{"start":{"line":65,"column":12},"end":{"line":65,"column":34}},"19":{"start":{"line":70,"column":8},"end":{"line":120,"column":9}},"20":{"start":{"line":71,"column":12},"end":{"line":110,"column":15}},"21":{"start":{"line":77,"column":16},"end":{"line":89,"column":17}},"22":{"start":{"line":78,"column":20},"end":{"line":78,"column":74}},"23":{"start":{"line":79,"column":20},"end":{"line":79,"column":46}},"24":{"start":{"line":82,"column":20},"end":{"line":88,"column":22}},"25":{"start":{"line":92,"column":16},"end":{"line":109,"column":17}},"26":{"start":{"line":93,"column":20},"end":{"line":99,"column":22}},"27":{"start":{"line":102,"column":20},"end":{"line":108,"column":22}},"28":{"start":{"line":113,"column":12},"end":{"line":119,"column":14}},"29":{"start":{"line":123,"column":4},"end":{"line":234,"column":6}},"30":{"start":{"line":161,"column":43},"end":{"line":161,"column":73}},"31":{"start":{"line":176,"column":43},"end":{"line":176,"column":87}}},"fnMap":{"0":{"name":"Register","decl":{"start":{"line":15,"column":9},"end":{"line":15,"column":17}},"loc":{"start":{"line":15,"column":55},"end":{"line":235,"column":1}},"line":15},"1":{"name":"changeLanguage","decl":{"start":{"line":25,"column":13},"end":{"line":25,"column":27}},"loc":{"start":{"line":25,"column":58},"end":{"line":27,"column":5}},"line":25},"2":{"name":"redirectToLogin","decl":{"start":{"line":29,"column":13},"end":{"line":29,"column":28}},"loc":{"start":{"line":29,"column":31},"end":{"line":31,"column":5}},"line":29},"3":{"name":"redirectToConnectedPage","decl":{"start":{"line":33,"column":13},"end":{"line":33,"column":36}},"loc":{"start":{"line":33,"column":39},"end":{"line":39,"column":5}},"line":33},"4":{"name":"handleUsernameChange","decl":{"start":{"line":41,"column":13},"end":{"line":41,"column":33}},"loc":{"start":{"line":41,"column":48},"end":{"line":43,"column":5}},"line":41},"5":{"name":"handleEmailChange","decl":{"start":{"line":45,"column":13},"end":{"line":45,"column":30}},"loc":{"start":{"line":45,"column":45},"end":{"line":47,"column":5}},"line":45},"6":{"name":"handlePasswordChange","decl":{"start":{"line":49,"column":13},"end":{"line":49,"column":33}},"loc":{"start":{"line":49,"column":48},"end":{"line":51,"column":5}},"line":49},"7":{"name":"handleConfirmPasswordChange","decl":{"start":{"line":53,"column":13},"end":{"line":53,"column":40}},"loc":{"start":{"line":53,"column":55},"end":{"line":55,"column":5}},"line":53},"8":{"name":"connectWithGoogle","decl":{"start":{"line":57,"column":13},"end":{"line":57,"column":30}},"loc":{"start":{"line":57,"column":33},"end":{"line":61,"column":5}},"line":57},"9":{"name":"(anonymous_9)","decl":{"start":{"line":58,"column":84},"end":{"line":58,"column":85}},"loc":{"start":{"line":58,"column":91},"end":{"line":60,"column":9}},"line":58},"10":{"name":"connectWithFacebook","decl":{"start":{"line":63,"column":13},"end":{"line":63,"column":32}},"loc":{"start":{"line":63,"column":35},"end":{"line":67,"column":5}},"line":63},"11":{"name":"(anonymous_11)","decl":{"start":{"line":64,"column":81},"end":{"line":64,"column":82}},"loc":{"start":{"line":64,"column":88},"end":{"line":66,"column":9}},"line":64},"12":{"name":"handleSubmit","decl":{"start":{"line":69,"column":13},"end":{"line":69,"column":25}},"loc":{"start":{"line":69,"column":28},"end":{"line":121,"column":5}},"line":69},"13":{"name":"(anonymous_13)","decl":{"start":{"line":76,"column":19},"end":{"line":76,"column":20}},"loc":{"start":{"line":76,"column":39},"end":{"line":90,"column":13}},"line":76},"14":{"name":"(anonymous_14)","decl":{"start":{"line":91,"column":20},"end":{"line":91,"column":21}},"loc":{"start":{"line":91,"column":37},"end":{"line":110,"column":13}},"line":91},"15":{"name":"(anonymous_15)","decl":{"start":{"line":161,"column":37},"end":{"line":161,"column":38}},"loc":{"start":{"line":161,"column":43},"end":{"line":161,"column":73}},"line":161},"16":{"name":"(anonymous_16)","decl":{"start":{"line":176,"column":37},"end":{"line":176,"column":38}},"loc":{"start":{"line":176,"column":43},"end":{"line":176,"column":87}},"line":176}},"branchMap":{"0":{"loc":{"start":{"line":70,"column":8},"end":{"line":120,"column":9}},"type":"if","locations":[{"start":{"line":70,"column":8},"end":{"line":120,"column":9}},{"start":{"line":112,"column":15},"end":{"line":120,"column":9}}],"line":70},"1":{"loc":{"start":{"line":70,"column":12},"end":{"line":70,"column":92}},"type":"binary-expr","locations":[{"start":{"line":70,"column":12},"end":{"line":70,"column":17}},{"start":{"line":70,"column":21},"end":{"line":70,"column":29}},{"start":{"line":70,"column":33},"end":{"line":70,"column":48}},{"start":{"line":70,"column":52},"end":{"line":70,"column":80}},{"start":{"line":70,"column":84},"end":{"line":70,"column":92}}],"line":70},"2":{"loc":{"start":{"line":77,"column":16},"end":{"line":89,"column":17}},"type":"if","locations":[{"start":{"line":77,"column":16},"end":{"line":89,"column":17}},{"start":{"line":81,"column":21},"end":{"line":89,"column":17}}],"line":77},"3":{"loc":{"start":{"line":92,"column":16},"end":{"line":109,"column":17}},"type":"if","locations":[{"start":{"line":92,"column":16},"end":{"line":109,"column":17}},{"start":{"line":101,"column":21},"end":{"line":109,"column":17}}],"line":92},"4":{"loc":{"start":{"line":160,"column":34},"end":{"line":160,"column":82}},"type":"cond-expr","locations":[{"start":{"line":160,"column":49},"end":{"line":160,"column":64}},{"start":{"line":160,"column":67},"end":{"line":160,"column":82}}],"line":160},"5":{"loc":{"start":{"line":175,"column":34},"end":{"line":175,"column":89}},"type":"cond-expr","locations":[{"start":{"line":175,"column":56},"end":{"line":175,"column":71}},{"start":{"line":175,"column":74},"end":{"line":175,"column":89}}],"line":175}},"s":{"0":34,"1":34,"2":34,"3":34,"4":34,"5":34,"6":34,"7":1,"8":1,"9":1,"10":1,"11":5,"12":5,"13":5,"14":5,"15":1,"16":1,"17":1,"18":1,"19":5,"20":4,"21":2,"22":1,"23":1,"24":1,"25":2,"26":1,"27":1,"28":1,"29":34,"30":1,"31":1},"f":{"0":34,"1":1,"2":1,"3":1,"4":5,"5":5,"6":5,"7":5,"8":1,"9":1,"10":1,"11":1,"12":5,"13":2,"14":2,"15":1,"16":1},"b":{"0":[4,1],"1":[5,5,5,5,5],"2":[1,1],"3":[1,1],"4":[33,1],"5":[33,1]},"_coverageSchema":"1a1c01bbd47fc00a2c39e90264f33305004495a9","hash":"872cca0fbde059b52bd1c841034dcbb23f293a98"}
,"C:\\Users\\Kayfun\\Documents\\Works\\EIP\\Front-Mobile-React-Native\\src\\services\\Facebook.tsx": {"path":"C:\\Users\\Kayfun\\Documents\\Works\\EIP\\Front-Mobile-React-Native\\src\\services\\Facebook.tsx","statementMap":{"0":{"start":{"line":14,"column":0},"end":{"line":14,"column":38}},"1":{"start":{"line":17,"column":16},"end":{"line":17,"column":72}},"2":{"start":{"line":19,"column":36},"end":{"line":19,"column":54}},"3":{"start":{"line":20,"column":42},"end":{"line":20,"column":60}},"4":{"start":{"line":21,"column":32},"end":{"line":21,"column":50}},"5":{"start":{"line":23,"column":40},"end":{"line":31,"column":5}},"6":{"start":{"line":33,"column":4},"end":{"line":54,"column":19}},"7":{"start":{"line":34,"column":8},"end":{"line":46,"column":11}},"8":{"start":{"line":35,"column":12},"end":{"line":35,"column":71}},"9":{"start":{"line":36,"column":12},"end":{"line":36,"column":93}},"10":{"start":{"line":37,"column":12},"end":{"line":37,"column":76}},"11":{"start":{"line":39,"column":12},"end":{"line":45,"column":14}},"12":{"start":{"line":47,"column":8},"end":{"line":47,"column":64}},"13":{"start":{"line":48,"column":8},"end":{"line":48,"column":53}},"14":{"start":{"line":50,"column":8},"end":{"line":53,"column":9}},"15":{"start":{"line":51,"column":37},"end":{"line":51,"column":52}},"16":{"start":{"line":52,"column":12},"end":{"line":52,"column":38}},"17":{"start":{"line":56,"column":4},"end":{"line":66,"column":5}},"18":{"start":{"line":59,"column":27},"end":{"line":59,"column":35}}},"fnMap":{"0":{"name":"FacebookAuthButton","decl":{"start":{"line":16,"column":9},"end":{"line":16,"column":27}},"loc":{"start":{"line":16,"column":30},"end":{"line":67,"column":1}},"line":16},"1":{"name":"(anonymous_1)","decl":{"start":{"line":33,"column":20},"end":{"line":33,"column":21}},"loc":{"start":{"line":33,"column":26},"end":{"line":54,"column":5}},"line":33},"2":{"name":"(anonymous_2)","decl":{"start":{"line":34,"column":28},"end":{"line":34,"column":29}},"loc":{"start":{"line":34,"column":37},"end":{"line":38,"column":9}},"line":34},"3":{"name":"(anonymous_3)","decl":{"start":{"line":38,"column":17},"end":{"line":38,"column":18}},"loc":{"start":{"line":38,"column":26},"end":{"line":46,"column":9}},"line":38},"4":{"name":"(anonymous_4)","decl":{"start":{"line":59,"column":21},"end":{"line":59,"column":22}},"loc":{"start":{"line":59,"column":27},"end":{"line":59,"column":35}},"line":59}},"branchMap":{"0":{"loc":{"start":{"line":50,"column":8},"end":{"line":53,"column":9}},"type":"if","locations":[{"start":{"line":50,"column":8},"end":{"line":53,"column":9}},{"start":{},"end":{}}],"line":50}},"s":{"0":1,"1":14,"2":14,"3":13,"4":13,"5":13,"6":0,"7":0,"8":0,"9":0,"10":0,"11":0,"12":0,"13":0,"14":0,"15":0,"16":0,"17":0,"18":0},"f":{"0":14,"1":0,"2":0,"3":0,"4":0},"b":{"0":[0,0]},"_coverageSchema":"1a1c01bbd47fc00a2c39e90264f33305004495a9","hash":"de7310841b1a7497d80ab022256858d6868d6e08"}
,"C:\\Users\\Kayfun\\Documents\\Works\\EIP\\Front-Mobile-React-Native\\src\\services\\Google.tsx": {"path":"C:\\Users\\Kayfun\\Documents\\Works\\EIP\\Front-Mobile-React-Native\\src\\services\\Google.tsx","statementMap":{"0":{"start":{"line":14,"column":0},"end":{"line":14,"column":38}},"1":{"start":{"line":17,"column":16},"end":{"line":17,"column":75}},"2":{"start":{"line":19,"column":36},"end":{"line":19,"column":54}},"3":{"start":{"line":20,"column":32},"end":{"line":20,"column":50}},"4":{"start":{"line":22,"column":40},"end":{"line":30,"column":5}},"5":{"start":{"line":32,"column":4},"end":{"line":46,"column":19}},"6":{"start":{"line":33,"column":8},"end":{"line":44,"column":11}},"7":{"start":{"line":34,"column":12},"end":{"line":34,"column":71}},"8":{"start":{"line":35,"column":12},"end":{"line":35,"column":76}},"9":{"start":{"line":37,"column":12},"end":{"line":43,"column":14}},"10":{"start":{"line":45,"column":8},"end":{"line":45,"column":51}},"11":{"start":{"line":48,"column":4},"end":{"line":58,"column":5}},"12":{"start":{"line":51,"column":27},"end":{"line":51,"column":35}}},"fnMap":{"0":{"name":"GoogleAuthButton","decl":{"start":{"line":16,"column":9},"end":{"line":16,"column":25}},"loc":{"start":{"line":16,"column":28},"end":{"line":59,"column":1}},"line":16},"1":{"name":"(anonymous_1)","decl":{"start":{"line":32,"column":20},"end":{"line":32,"column":21}},"loc":{"start":{"line":32,"column":26},"end":{"line":46,"column":5}},"line":32},"2":{"name":"(anonymous_2)","decl":{"start":{"line":33,"column":28},"end":{"line":33,"column":29}},"loc":{"start":{"line":33,"column":43},"end":{"line":36,"column":9}},"line":33},"3":{"name":"(anonymous_3)","decl":{"start":{"line":36,"column":17},"end":{"line":36,"column":18}},"loc":{"start":{"line":36,"column":26},"end":{"line":44,"column":9}},"line":36},"4":{"name":"(anonymous_4)","decl":{"start":{"line":51,"column":21},"end":{"line":51,"column":22}},"loc":{"start":{"line":51,"column":27},"end":{"line":51,"column":35}},"line":51}},"branchMap":{},"s":{"0":1,"1":14,"2":14,"3":13,"4":13,"5":0,"6":0,"7":0,"8":0,"9":0,"10":0,"11":0,"12":0},"f":{"0":14,"1":0,"2":0,"3":0,"4":0},"b":{},"_coverageSchema":"1a1c01bbd47fc00a2c39e90264f33305004495a9","hash":"31f4c24bdf939904f05991941e87b84794c3b9d0"}
,"C:\\Users\\Kayfun\\Documents\\Works\\EIP\\Front-Mobile-React-Native\\styles\\components\\hide_password_button.js": {"path":"C:\\Users\\Kayfun\\Documents\\Works\\EIP\\Front-Mobile-React-Native\\styles\\components\\hide_password_button.js","statementMap":{"0":{"start":{"line":3,"column":29},"end":{"line":12,"column":2}}},"fnMap":{},"branchMap":{},"s":{"0":2},"f":{},"b":{},"_coverageSchema":"1a1c01bbd47fc00a2c39e90264f33305004495a9","hash":"b16f0a960e7d71b3c48850a219bd8d2bf98b4aec"}
,"C:\\Users\\Kayfun\\Documents\\Works\\EIP\\Front-Mobile-React-Native\\styles\\pages\\login.js": {"path":"C:\\Users\\Kayfun\\Documents\\Works\\EIP\\Front-Mobile-React-Native\\styles\\pages\\login.js","statementMap":{"0":{"start":{"line":3,"column":14},"end":{"line":181,"column":2}}},"fnMap":{},"branchMap":{},"s":{"0":1},"f":{},"b":{},"_coverageSchema":"1a1c01bbd47fc00a2c39e90264f33305004495a9","hash":"5bf2fc6318b9e5e6b9fcb279313a3e92b655d4b6"}
,"C:\\Users\\Kayfun\\Documents\\Works\\EIP\\Front-Mobile-React-Native\\styles\\pages\\register.js": {"path":"C:\\Users\\Kayfun\\Documents\\Works\\EIP\\Front-Mobile-React-Native\\styles\\pages\\register.js","statementMap":{"0":{"start":{"line":3,"column":17},"end":{"line":177,"column":2}}},"fnMap":{},"branchMap":{},"s":{"0":1},"f":{},"b":{},"_coverageSchema":"1a1c01bbd47fc00a2c39e90264f33305004495a9","hash":"9140fe58a40b18601b7b7f853c09440956e038b5"}
}
