TN:
SF:assets\logo.png
FNF:0
FNH:0
DA:1,2
LF:1
LH:1
BRF:0
BRH:0
end_of_record
TN:
SF:assets\images\facebook-logo.png
FNF:0
FNH:0
DA:1,1
LF:1
LH:1
BRF:0
BRH:0
end_of_record
TN:
SF:assets\images\google-logo.png
FNF:0
FNH:0
DA:1,1
LF:1
LH:1
BRF:0
BRH:0
end_of_record
TN:
SF:assets\images\hide_password.png
FNF:0
FNH:0
DA:1,2
LF:1
LH:1
BRF:0
BRH:0
end_of_record
TN:
SF:assets\images\show_password.png
FNF:0
FNH:0
DA:1,2
LF:1
LH:1
BRF:0
BRH:0
end_of_record
TN:
SF:src\components\ClickTextButtonWithDescription.tsx
FN:14,(anonymous_0)
FNF:1
FNH:1
FNDA:51,(anonymous_0)
DA:14,2
DA:15,51
LF:2
LH:2
BRF:0
BRH:0
end_of_record
TN:
SF:src\components\HidePasswordButton.tsx
FN:12,(anonymous_0)
FNF:1
FNH:1
FNDA:83,(anonymous_0)
DA:12,2
DA:13,83
LF:2
LH:2
BRDA:19,0,0,3
BRDA:19,0,1,80
BRF:2
BRH:2
end_of_record
TN:
SF:src\components\LongHorizontalButton.tsx
FN:12,(anonymous_0)
FNF:1
FNH:1
FNDA:70,(anonymous_0)
DA:12,2
DA:13,70
LF:2
LH:2
BRF:0
BRH:0
end_of_record
TN:
SF:src\components\OAuthButton.tsx
FN:14,(anonymous_0)
FNF:1
FNH:1
FNDA:2,(anonymous_0)
DA:14,3
DA:15,2
LF:2
LH:2
BRF:0
BRH:0
end_of_record
TN:
SF:src\i18n\Languages.js
FNF:0
FNH:0
DA:1,2
LF:1
LH:1
BRF:0
BRH:0
end_of_record
TN:
SF:src\i18n\i18n.js
FNF:0
FNH:0
DA:9,2
DA:11,2
DA:20,2
LF:3
LH:3
BRF:0
BRH:0
end_of_record
TN:
SF:src\pages\Login.tsx
FN:18,Login
FN:25,changeLanguage
FN:29,redirectToRegister
FN:33,redirectToForgotPassword
FN:37,handleEmailChange
FN:41,handlePasswordChange
FN:45,redirectToConnectedPage
FN:53,getDatas
FN:59,(anonymous_8)
FN:102,(anonymous_9)
FN:107,handleSubmit
FN:121,(anonymous_11)
FN:122,checkExistingDatas
FN:180,(anonymous_13)
FNF:14
FNH:14
FNDA:19,Login
FNDA:1,changeLanguage
FNDA:1,redirectToRegister
FNDA:1,redirectToForgotPassword
FNDA:4,handleEmailChange
FNDA:4,handlePasswordChange
FNDA:6,redirectToConnectedPage
FNDA:10,getDatas
FNDA:8,(anonymous_8)
FNDA:2,(anonymous_9)
FNDA:4,handleSubmit
FNDA:10,(anonymous_11)
FNDA:10,checkExistingDatas
FNDA:1,(anonymous_13)
DA:19,19
DA:21,19
DA:22,19
DA:23,19
DA:26,1
DA:30,1
DA:34,1
DA:38,4
DA:42,4
DA:46,6
DA:47,6
DA:54,10
DA:56,10
DA:60,8
DA:61,6
DA:62,6
DA:71,6
DA:72,6
DA:73,6
DA:74,6
DA:76,6
DA:77,6
DA:78,6
DA:79,6
DA:81,6
DA:82,6
DA:83,6
DA:84,6
DA:85,6
DA:86,6
DA:88,6
DA:89,6
DA:90,6
DA:93,2
DA:103,2
DA:108,4
DA:109,3
DA:111,1
DA:121,19
DA:123,10
DA:124,10
DA:125,10
DA:126,10
DA:127,10
DA:129,10
DA:130,10
DA:131,10
DA:132,10
DA:133,10
DA:134,10
DA:135,10
DA:137,10
DA:138,0
DA:139,0
DA:140,0
DA:142,10
DA:143,7
DA:146,10
DA:149,19
DA:180,1
LF:60
LH:57
BRDA:60,0,0,6
BRDA:60,0,1,2
BRDA:88,1,0,6
BRDA:88,1,1,0
BRDA:88,2,0,6
BRDA:88,2,1,6
BRDA:88,2,2,6
BRDA:88,2,3,6
BRDA:108,3,0,3
BRDA:108,3,1,1
BRDA:108,4,0,4
BRDA:108,4,1,3
BRDA:137,5,0,0
BRDA:137,5,1,10
BRDA:137,6,0,10
BRDA:137,6,1,7
BRDA:138,7,0,0
BRDA:138,7,1,0
BRDA:138,8,0,0
BRDA:138,8,1,0
BRDA:138,8,2,0
BRDA:138,8,3,0
BRDA:142,9,0,7
BRDA:142,9,1,3
BRDA:142,10,0,10
BRDA:142,10,1,7
BRDA:179,11,0,18
BRDA:179,11,1,1
BRF:28
BRH:20
end_of_record
TN:
SF:src\pages\Register.tsx
FN:17,Register
FN:27,changeLanguage
FN:31,redirectToLogin
FN:35,redirectToConnectedPage
FN:43,handleUsernameChange
FN:47,handleEmailChange
FN:51,handlePasswordChange
FN:55,handleConfirmPasswordChange
FN:59,handleSubmit
FN:66,(anonymous_9)
FN:81,(anonymous_10)
FN:151,(anonymous_11)
FN:166,(anonymous_12)
FNF:13
FNH:13
FNDA:32,Register
FNDA:1,changeLanguage
FNDA:1,redirectToLogin
FNDA:1,redirectToConnectedPage
FNDA:5,handleUsernameChange
FNDA:5,handleEmailChange
FNDA:5,handlePasswordChange
FNDA:5,handleConfirmPasswordChange
FNDA:5,handleSubmit
FNDA:2,(anonymous_9)
FNDA:2,(anonymous_10)
FNDA:1,(anonymous_11)
FNDA:1,(anonymous_12)
DA:18,32
DA:20,32
DA:21,32
DA:22,32
DA:23,32
DA:24,32
DA:25,32
DA:28,1
DA:32,1
DA:36,1
DA:37,1
DA:44,5
DA:48,5
DA:52,5
DA:56,5
DA:60,5
DA:61,4
DA:67,2
DA:68,1
DA:69,1
DA:72,1
DA:82,2
DA:83,1
DA:92,1
DA:103,1
DA:113,32
DA:151,1
DA:166,1
LF:28
LH:28
BRDA:60,0,0,4
BRDA:60,0,1,1
BRDA:60,1,0,5
BRDA:60,1,1,5
BRDA:60,1,2,5
BRDA:60,1,3,5
BRDA:60,1,4,5
BRDA:67,2,0,1
BRDA:67,2,1,1
BRDA:82,3,0,1
BRDA:82,3,1,1
BRDA:150,4,0,31
BRDA:150,4,1,1
BRDA:165,5,0,31
BRDA:165,5,1,1
BRF:15
BRH:15
end_of_record
TN:
SF:src\services\Errors.tsx
FN:5,AlertErrorSomethingWrong
FNF:1
FNH:1
FNDA:2,AlertErrorSomethingWrong
DA:6,2
DA:7,2
LF:2
LH:2
BRF:0
BRH:0
end_of_record
TN:
SF:src\services\Facebook.tsx
FN:13,FacebookAuthButton
FN:15,redirectToConnectedPage
FN:23,getData
FN:29,(anonymous_3)
FN:31,(anonymous_4)
FN:39,(anonymous_5)
FN:56,(anonymous_6)
FN:75,(anonymous_7)
FN:78,(anonymous_8)
FN:88,handleClickAuth
FN:90,(anonymous_10)
FN:97,(anonymous_11)
FNF:12
FNH:1
FNDA:1,FacebookAuthButton
FNDA:0,redirectToConnectedPage
FNDA:0,getData
FNDA:0,(anonymous_3)
FNDA:0,(anonymous_4)
FNDA:0,(anonymous_5)
FNDA:0,(anonymous_6)
FNDA:0,(anonymous_7)
FNDA:0,(anonymous_8)
FNDA:0,handleClickAuth
FNDA:0,(anonymous_10)
FNDA:0,(anonymous_11)
DA:16,0
DA:17,0
DA:24,0
DA:26,0
DA:28,0
DA:30,0
DA:31,0
DA:32,0
DA:34,0
DA:35,0
DA:40,0
DA:41,0
DA:42,0
DA:51,0
DA:57,0
DA:59,0
DA:60,0
DA:61,0
DA:63,0
DA:64,0
DA:65,0
DA:67,0
DA:68,0
DA:69,0
DA:71,0
DA:72,0
DA:73,0
DA:76,0
DA:79,0
DA:89,0
DA:91,0
DA:92,0
DA:94,0
DA:98,0
DA:103,1
LF:35
LH:1
BRDA:30,0,0,0
BRDA:30,0,1,0
BRDA:34,1,0,0
BRDA:34,1,1,0
BRDA:71,2,0,0
BRDA:71,2,1,0
BRDA:71,3,0,0
BRDA:71,3,1,0
BRDA:71,3,2,0
BRDA:91,4,0,0
BRDA:91,4,1,0
BRF:11
BRH:0
end_of_record
TN:
SF:src\services\Google.tsx
FN:17,GoogleAuthButton
FN:26,getTokens
FN:36,(anonymous_2)
FN:55,(anonymous_3)
FN:61,getUserInfo
FN:72,(anonymous_5)
FN:86,redirectToConnectedPage
FN:94,handleGoogleAuth
FN:100,(anonymous_8)
FN:109,(anonymous_9)
FNF:10
FNH:1
FNDA:1,GoogleAuthButton
FNDA:0,getTokens
FNDA:0,(anonymous_2)
FNDA:0,(anonymous_3)
FNDA:0,getUserInfo
FNDA:0,(anonymous_5)
FNDA:0,redirectToConnectedPage
FNDA:0,handleGoogleAuth
FNDA:0,(anonymous_8)
FNDA:0,(anonymous_9)
DA:15,1
DA:18,1
DA:19,1
DA:21,1
DA:27,0
DA:28,0
DA:30,0
DA:31,0
DA:37,0
DA:39,0
DA:40,0
DA:41,0
DA:43,0
DA:44,0
DA:45,0
DA:47,0
DA:48,0
DA:49,0
DA:51,0
DA:52,0
DA:53,0
DA:56,0
DA:62,0
DA:63,0
DA:64,0
DA:65,0
DA:67,0
DA:68,0
DA:73,0
DA:75,0
DA:77,0
DA:78,0
DA:82,0
DA:87,0
DA:88,0
DA:95,0
DA:96,0
DA:100,0
DA:101,0
DA:102,0
DA:103,0
DA:106,0
DA:109,0
LF:43
LH:4
BRDA:30,0,0,0
BRDA:30,0,1,0
BRDA:30,1,0,0
BRDA:30,1,1,0
BRDA:30,1,2,0
BRDA:51,2,0,0
BRDA:51,2,1,0
BRDA:51,3,0,0
BRDA:51,3,1,0
BRDA:51,3,2,0
BRDA:63,4,0,0
BRDA:63,4,1,0
BRDA:77,5,0,0
BRDA:77,5,1,0
BRDA:95,6,0,0
BRDA:95,6,1,0
BRDA:95,7,0,0
BRDA:95,7,1,0
BRDA:95,7,2,0
BRF:19
BRH:0
end_of_record
TN:
SF:src\services\Storage.tsx
FN:4,getItem
FN:12,storeItem
FN:20,saveUserData
FN:33,getUserData
FN:55,deleteItemAndRedirectTo
FN:68,removeItem
FNF:6
FNH:3
FNDA:124,getItem
FNDA:24,storeItem
FNDA:0,saveUserData
FNDA:10,getUserData
FNDA:0,deleteItemAndRedirectTo
FNDA:0,removeItem
DA:5,124
DA:6,124
DA:8,1
DA:13,24
DA:14,24
DA:16,0
DA:21,0
DA:22,0
DA:23,0
DA:24,0
DA:25,0
DA:26,0
DA:27,0
DA:29,0
DA:34,10
DA:35,10
DA:36,10
DA:37,10
DA:38,10
DA:39,10
DA:40,10
DA:42,10
DA:51,0
DA:56,0
DA:57,0
DA:58,0
DA:59,0
DA:64,0
DA:69,0
DA:70,0
DA:72,0
LF:31
LH:13
BRF:0
BRH:0
end_of_record
TN:
SF:styles\components\hide_password_button.js
FNF:0
FNH:0
DA:3,2
LF:1
LH:1
BRF:0
BRH:0
end_of_record
TN:
SF:styles\pages\login.js
FNF:0
FNH:0
DA:3,3
LF:1
LH:1
BRF:0
BRH:0
end_of_record
TN:
SF:styles\pages\register.js
FNF:0
FNH:0
DA:3,1
LF:1
LH:1
BRF:0
BRH:0
end_of_record
