TN:
SF:assets\logo.png
FNF:0
FNH:0
DA:1,2
LF:1
LH:1
BRF:0
BRH:0
end_of_record
TN:
SF:assets\images\facebook-logo.png
FNF:0
FNH:0
DA:1,2
LF:1
LH:1
BRF:0
BRH:0
end_of_record
TN:
SF:assets\images\google-logo.png
FNF:0
FNH:0
DA:1,2
LF:1
LH:1
BRF:0
BRH:0
end_of_record
TN:
SF:assets\images\hide_password.png
FNF:0
FNH:0
DA:1,2
LF:1
LH:1
BRF:0
BRH:0
end_of_record
TN:
SF:assets\images\show_password.png
FNF:0
FNH:0
DA:1,2
LF:1
LH:1
BRF:0
BRH:0
end_of_record
TN:
SF:src\components\ClickTextButtonWithDescription.js
FN:4,ClickTextButtonWithDescription
FNF:1
FNH:1
FNDA:68,ClickTextButtonWithDescription
DA:5,68
LF:1
LH:1
BRF:0
BRH:0
end_of_record
TN:
SF:src\components\HidePasswordButton.js
FN:6,HidePasswordButton
FNF:1
FNH:1
FNDA:102,HidePasswordButton
DA:7,102
LF:1
LH:1
BRDA:13,0,0,4
BRDA:13,0,1,98
BRF:2
BRH:2
end_of_record
TN:
SF:src\components\LongHorizontalButton.js
FN:4,LongHorizontalButton
FNF:1
FNH:1
FNDA:102,LongHorizontalButton
DA:5,102
LF:1
LH:1
BRF:0
BRH:0
end_of_record
TN:
SF:src\components\OAuthButton.js
FN:4,OAuthButton
FNF:1
FNH:1
FNDA:136,OAuthButton
DA:5,136
LF:1
LH:1
BRF:0
BRH:0
end_of_record
TN:
SF:src\i18n\Languages.js
FNF:0
FNH:0
DA:1,2
LF:1
LH:1
BRF:0
BRH:0
end_of_record
TN:
SF:src\i18n\i18n.js
FNF:0
FNH:0
DA:9,2
DA:11,2
DA:20,2
LF:3
LH:3
BRF:0
BRH:0
end_of_record
TN:
SF:src\pages\Login.js
FN:16,Login
FN:24,changeLanguage
FN:28,redirectToRegister
FN:32,redirectToForgotPassword
FN:36,handleEmailChange
FN:40,handlePasswordChange
FN:44,connectWithGoogle
FN:45,(anonymous_7)
FN:50,connectWithFacebook
FN:51,(anonymous_9)
FN:56,redirectToConnectedPage
FN:64,getToken
FN:75,storeToken
FN:84,handleSubmit
FN:90,(anonymous_14)
FN:103,(anonymous_15)
FN:125,(anonymous_16)
FN:163,(anonymous_17)
FNF:18
FNH:18
FNDA:44,Login
FNDA:1,changeLanguage
FNDA:1,redirectToRegister
FNDA:1,redirectToForgotPassword
FNDA:5,handleEmailChange
FNDA:5,handlePasswordChange
FNDA:1,connectWithGoogle
FNDA:1,(anonymous_7)
FNDA:1,connectWithFacebook
FNDA:1,(anonymous_9)
FNDA:11,redirectToConnectedPage
FNDA:34,getToken
FNDA:2,storeToken
FNDA:5,handleSubmit
FNDA:3,(anonymous_14)
FNDA:1,(anonymous_15)
FNDA:34,(anonymous_16)
FNDA:1,(anonymous_17)
DA:17,44
DA:19,44
DA:20,44
DA:21,44
DA:22,44
DA:25,1
DA:29,1
DA:33,1
DA:37,5
DA:41,5
DA:45,1
DA:46,1
DA:51,1
DA:52,1
DA:57,11
DA:58,11
DA:65,34
DA:66,34
DA:67,33
DA:68,29
DA:71,1
DA:76,2
DA:77,2
DA:78,1
DA:80,1
DA:85,5
DA:86,4
DA:91,3
DA:92,2
DA:94,1
DA:104,1
DA:105,1
DA:115,1
DA:125,44
DA:126,34
DA:127,34
DA:128,34
DA:129,10
DA:133,44
DA:163,1
LF:40
LH:40
BRDA:67,0,0,29
BRDA:67,0,1,4
BRDA:85,1,0,4
BRDA:85,1,1,1
BRDA:85,2,0,5
BRDA:85,2,1,4
BRDA:91,3,0,2
BRDA:91,3,1,1
BRDA:128,4,0,10
BRDA:128,4,1,24
BRDA:162,5,0,41
BRDA:162,5,1,3
BRF:12
BRH:12
end_of_record
TN:
SF:src\pages\Register.js
FN:16,Register
FN:26,changeLanguage
FN:30,redirectToLogin
FN:34,redirectToConnectedPage
FN:42,handleUsernameChange
FN:46,handleEmailChange
FN:50,handlePasswordChange
FN:54,handleConfirmPasswordChange
FN:58,connectWithGoogle
FN:59,(anonymous_9)
FN:64,connectWithFacebook
FN:65,(anonymous_11)
FN:70,handleSubmit
FN:77,(anonymous_13)
FN:92,(anonymous_14)
FN:162,(anonymous_15)
FN:177,(anonymous_16)
FNF:17
FNH:17
FNDA:34,Register
FNDA:1,changeLanguage
FNDA:1,redirectToLogin
FNDA:1,redirectToConnectedPage
FNDA:5,handleUsernameChange
FNDA:5,handleEmailChange
FNDA:5,handlePasswordChange
FNDA:5,handleConfirmPasswordChange
FNDA:1,connectWithGoogle
FNDA:1,(anonymous_9)
FNDA:1,connectWithFacebook
FNDA:1,(anonymous_11)
FNDA:5,handleSubmit
FNDA:2,(anonymous_13)
FNDA:2,(anonymous_14)
FNDA:1,(anonymous_15)
FNDA:1,(anonymous_16)
DA:17,34
DA:19,34
DA:20,34
DA:21,34
DA:22,34
DA:23,34
DA:24,34
DA:27,1
DA:31,1
DA:35,1
DA:36,1
DA:43,5
DA:47,5
DA:51,5
DA:55,5
DA:59,1
DA:60,1
DA:65,1
DA:66,1
DA:71,5
DA:72,4
DA:78,2
DA:79,1
DA:80,1
DA:83,1
DA:93,2
DA:94,1
DA:103,1
DA:114,1
DA:124,34
DA:162,1
DA:177,1
LF:32
LH:32
BRDA:71,0,0,4
BRDA:71,0,1,1
BRDA:71,1,0,5
BRDA:71,1,1,5
BRDA:71,1,2,5
BRDA:71,1,3,5
BRDA:71,1,4,5
BRDA:78,2,0,1
BRDA:78,2,1,1
BRDA:93,3,0,1
BRDA:93,3,1,1
BRDA:161,4,0,33
BRDA:161,4,1,1
BRDA:176,5,0,33
BRDA:176,5,1,1
BRF:15
BRH:15
end_of_record
TN:
SF:styles\login.js
FNF:0
FNH:0
DA:3,2
LF:1
LH:1
BRF:0
BRH:0
end_of_record
TN:
SF:styles\register.js
FNF:0
FNH:0
DA:3,1
LF:1
LH:1
BRF:0
BRH:0
end_of_record
